/opt/tcm/all_tcm_docs/百日咳.docx::1754039930374091213_528526
/opt/tcm/all_tcm_docs/便秘 痢疾.docx::1754039934676502346_389211
/opt/tcm/all_tcm_docs/常见肠寄生虫病 小儿营养不良.docx::1754039939460959543_667192
/opt/tcm/all_tcm_docs/出汗异常.docx::1754039943293325758_598059
/opt/tcm/all_tcm_docs/大叶性肺炎.docx::1754039947450723034_867355
/opt/tcm/all_tcm_docs/胆石病和胆道蛔虫病.docx::1754039950607024647_444827
/opt/tcm/all_tcm_docs/癫痫.docx::1754039954161364297_460957
/opt/tcm/all_tcm_docs/肺结核病.docx::1754039970536929127_343328
/opt/tcm/all_tcm_docs/肺脓肿 支气管哮喘.docx::1754039974264285310_693304
/opt/tcm/all_tcm_docs/风疹和水痘.docx::1754039977610605080_227306
/opt/tcm/all_tcm_docs/肝硬化.docx::1754039981993023859_350703
/opt/tcm/all_tcm_docs/感冒.docx::1754039985986405461_360899
/opt/tcm/all_tcm_docs/肛门直肠病.docx::1754039990750860748_1012512
/opt/tcm/all_tcm_docs/高血压.docx::1754039996047366877_1059805
/opt/tcm/all_tcm_docs/功能性子宫出血.docx::1754039999886733763_572477
/opt/tcm/all_tcm_docs/关节炎.docx::1754040085019868997_515117
/opt/tcm/all_tcm_docs/冠心病.docx::1754040088292181696_482618
/opt/tcm/all_tcm_docs/咳嗽.docx::1754040091286467828_451113
/opt/tcm/all_tcm_docs/化脓性中耳炎.docx::1754040094692793333_572015
/opt/tcm/all_tcm_docs/颈淋巴结核.docx::1754040098974202459_386844
/opt/tcm/all_tcm_docs/老年病.docx::1754040102627551569_618756
/opt/tcm/all_tcm_docs/流产 子宫脱垂.docx::1754040107588025587_1818583
/opt/tcm/all_tcm_docs/流行性腮腺炎.docx::1754040110873339527_477521
/opt/tcm/all_tcm_docs/麻疹.docx::1754040113810620209_413813
/opt/tcm/all_tcm_docs/慢性气管炎.docx::1754040143834489260_609218
/opt/tcm/all_tcm_docs/泌尿系结石.docx::1754040147380828143_740661
/opt/tcm/all_tcm_docs/男子不育.docx::1754040150706145906_554274
/opt/tcm/all_tcm_docs/脑血管病.docx::1754040155283583321_1080708
/opt/tcm/all_tcm_docs/脑炎后遗症和大脑发育不全.docx::1754040158762915803_571906
/opt/tcm/all_tcm_docs/疟疾.docx::1754040162560278675_493430
/opt/tcm/all_tcm_docs/贫血.docx::1754040167618762057_480032
/opt/tcm/all_tcm_docs/青光眼.docx::1754040171874168698_241530
/opt/tcm/all_tcm_docs/缺乳.docx::1754040176604620735_845468
/opt/tcm/all_tcm_docs/妊娠呕吐.docx::1754040233880093921_361050
/opt/tcm/all_tcm_docs/乳房疾患.docx::1754040237369427358_564398
/opt/tcm/all_tcm_docs/神经衰弱失眠.docx::1754040241051779240_479354
/opt/tcm/all_tcm_docs/肾炎.docx::1754040244886145648_451365
/opt/tcm/all_tcm_docs/湿疹.docx::1754040250097643653_1317742
/opt/tcm/all_tcm_docs/食欲不振.docx::1754040254093025447_480709
/opt/tcm/all_tcm_docs/糖尿病.docx::1754040258059404471_467525
/opt/tcm/all_tcm_docs/痛经.docx::1754040262503829176_499644
/opt/tcm/all_tcm_docs/头晕.docx::1754040267261283793_599994
/opt/tcm/all_tcm_docs/夏季常见皮肤病.docx::1754040270895631087_479153
/opt/tcm/all_tcm_docs/消化性溃疡.docx::1754040432165041558_874920
/opt/tcm/all_tcm_docs/小儿病毒性肺炎.docx::1754040437286530780_1020055
/opt/tcm/all_tcm_docs/小儿痿证.docx::1754040441605943386_948124
/opt/tcm/all_tcm_docs/小儿消化不良.docx::1754040444923260268_544012
/opt/tcm/all_tcm_docs/小儿遗尿症.docx::1754040449425690356_1989255
/opt/tcm/all_tcm_docs/小儿支气管炎.docx::1754040453853113279_663383
/opt/tcm/all_tcm_docs/泄泻.docx::1754040457710481749_1020593
/opt/tcm/all_tcm_docs/虚损.docx::1754040461000796051_753698
/opt/tcm/all_tcm_docs/血栓闭塞性脉管炎.docx::1754040464795158500_1002054
/opt/tcm/all_tcm_docs/咽炎与扁桃体炎.docx::1754040490216586845_647474
/opt/tcm/all_tcm_docs/腰痛.docx::1754040494555001265_1915465
/opt/tcm/all_tcm_docs/癔病.docx::1754040497833314420_509279
/opt/tcm/all_tcm_docs/月经失调.docx::1754040501418656903_984027
/opt/tcm/all_tcm_docs/中暑.docx::1754040504038907198_431009
/opt/tcm/all_tcm_docs/肿瘤病.docx::1754040506987188828_587897
/opt/tcm/all_tcm_docs/方剂学--完整版.txt::1754640771704117375_38413
