2025-09-22 17:38:26,626 - INFO - 🚨 开始紧急密码安全修复
2025-09-22 17:38:26,626 - INFO - ==================================================
2025-09-22 17:38:26,631 - INFO - 数据库备份已创建: /opt/tcm-ai/data/backup_before_password_fix_20250922_173826.db
2025-09-22 17:38:26,631 - INFO - 修复医生密码...
2025-09-22 17:38:26,633 - INFO - 修复医生密码: 金大夫 (ID: 1)
2025-09-22 17:38:26,633 - WARNING - 发现明文密码: 金大夫
2025-09-22 17:38:26,696 - INFO - 密码已更新: 金大夫
2025-09-22 17:38:26,699 - INFO - 医生密码修复完成，共修复 1 个
2025-09-22 17:38:26,700 - INFO - 修复用户密码...
2025-09-22 17:38:26,701 - INFO - 修复用户密码: None (ID: 231ac078-ab83-4312-8635-cb599451ac1a)
2025-09-22 17:38:26,764 - INFO - 用户临时密码 None: temp_d922fd29
2025-09-22 17:38:26,764 - INFO - 修复用户密码: maoxiaohua (ID: 02f16099-a0d0-4e8b-bf5f-020b4d25ddfa)
2025-09-22 17:38:26,827 - INFO - 用户临时密码 maoxiaohua: temp_fa7e32be
2025-09-22 17:38:26,827 - INFO - 修复用户密码: admin (ID: admin_001)
2025-09-22 17:38:26,900 - INFO - 用户临时密码 admin: temp_4fd4aba3
2025-09-22 17:38:26,900 - INFO - 修复用户密码: patient (ID: patient_001)
2025-09-22 17:38:26,963 - INFO - 用户临时密码 patient: temp_52fd1bb8
2025-09-22 17:38:26,963 - INFO - 修复用户密码: zhangzhongjing (ID: zhangzhongjing_001)
2025-09-22 17:38:27,026 - INFO - 用户临时密码 zhangzhongjing: temp_d64e4278
2025-09-22 17:38:27,026 - INFO - 修复用户密码: mxh20170510 (ID: a6facf34-739a-437e-a7f9-3dc9a6beb30e)
2025-09-22 17:38:27,089 - INFO - 用户临时密码 mxh20170510: temp_68f1ba5a
2025-09-22 17:38:27,089 - INFO - 修复用户密码: wuxiaofang (ID: 7ad15b46-8b1d-42f2-b04b-3a3ee2b42b8a)
2025-09-22 17:38:27,156 - INFO - 用户临时密码 wuxiaofang: temp_a2ef8850
2025-09-22 17:38:27,161 - INFO - 用户密码修复完成，共修复 7 个
2025-09-22 17:38:27,161 - INFO - 清理过期会话...
2025-09-22 17:38:27,164 - INFO - 清理了 8 个过期会话
2025-09-22 17:38:27,164 - INFO - 验证修复效果...
2025-09-22 17:38:27,165 - INFO - === 修复验证结果 ===
2025-09-22 17:38:27,165 - INFO - 剩余医生密码问题: 0
2025-09-22 17:38:27,165 - INFO - 剩余用户密码问题: 0
2025-09-22 17:38:27,165 - INFO - 剩余过期会话: 0
2025-09-22 17:38:27,166 - INFO - 总共修复项目: 8
2025-09-22 17:38:27,166 - INFO - ✅ 密码安全修复成功！
2025-09-22 17:38:27,166 - INFO - 🎉 紧急密码安全修复完成！
2025-09-22 17:38:27,166 - INFO - 备份文件: /opt/tcm-ai/data/backup_before_password_fix_20250922_173826.db
